<?xml version="1.0" encoding="UTF-8"?>
<!-- Generated by org.testng.reporters.JUnitReportReporter -->
<testsuite hostname="LAPTOP-DDHK9H68" name="mavenprojectpack.Example" tests="1" failures="0" timestamp="10 Sep 2020 06:05:44 GMT" time="30.250" errors="0">
  <testcase name="demomaven" time="30.250" classname="mavenprojectpack.Example"/>
</testsuite>
