<?xml version="1.0" encoding="UTF-8"?>
<!-- Generated by org.testng.reporters.JUnitReportReporter -->
<testsuite hostname="LAPTOP-DDHK9H68" name="mavenprojectpack.Example" tests="1" failures="0" timestamp="10 Sep 2020 05:58:38 GMT" time="14.142" errors="0">
  <testcase name="demomaven" time="14.142" classname="mavenprojectpack.Example"/>
</testsuite>
